[Thread debugging using libthread_db enabled]
Using host libthread_db library "/lib/x86_64-linux-gnu/libthread_db.so.1".
0x00007f2c5c9e13ea in __GI___wait4 (pid=19909, stat_loc=stat_loc@entry=0x7ffcae79c188, options=options@entry=0, usage=usage@entry=0x0) at ../sysdeps/unix/sysv/linux/wait4.c:30
30	../sysdeps/unix/sysv/linux/wait4.c: No such file or directory.
#0  0x00007f2c5c9e13ea in __GI___wait4 (pid=19909, stat_loc=stat_loc@entry=0x7ffcae79c188, options=options@entry=0, usage=usage@entry=0x0) at ../sysdeps/unix/sysv/linux/wait4.c:30
        sc_ret = -512
        sc_ret = <optimized out>
#1  0x00007f2c5c9e13ab in __GI___waitpid (pid=<optimized out>, stat_loc=stat_loc@entry=0x7ffcae79c188, options=options@entry=0) at ./posix/waitpid.c:38
No locals.
#2  0x00007f2c5c947bdb in do_system (line=<optimized out>) at ../sysdeps/posix/system.c:171
        __result = <optimized out>
        _cleanup_start_doit = true
        _buffer = {__routine = 0x7f2c5c947c60 <cancel_handler>, __arg = 0x7ffcae79c190, __canceltype = 0, __prev = 0x0}
        _cleanup_routine = 0x7f2c5c947c60 <cancel_handler>
        cancel_args = {quit = 0x7f2c5cb137a0 <quit>, intr = 0x7f2c5cb13840 <intr>, pid = 19909}
        status = -1
        ret = 0
        pid = 19909
        sa = {__sigaction_handler = {sa_handler = 0x1, sa_sigaction = 0x1}, sa_mask = {__val = {65536, 0, 0, 0, 0, 0, 0, 0, 0, 2141192192, 0, 18446744073709551615, 0, 18446744073709551615, 0, 18446744073709551615}}, sa_flags = 0, sa_restorer = 0x7fa00000ffffffff}
        omask = {__val = {0, 9196350441231745024, 9196350441231745024, 9196350441231745024, 9196350441231745024, 9196350441231745024, 9196350441231745024, 9196350441231745024, 9196350441231745024, 9196350441231745024, 9196350441231745024, 140723235702496, 4048798982812059559, 17575173818765895424, 140723235702496, 2}}
        reset = {__val = {6, 199, 140723235701424, 93970280656953, 140723235701808, 139828508751002, 140723235701824, 140723235701664, 140724530937857, 140723235702496, 140723235702496, 140723235702496, 140723235702496, 140723235702574, 140723235702695, 140723235702496}}
        spawn_attr = {__flags = 12, __pgrp = 0, __sd = {__val = {6, 199, 140723235701424, 93970280656953, 140723235701808, 139828508751002, 140723235701824, 140723235701664, 140724530937857, 140723235702496, 140723235702496, 140723235702496, 140723235702496, 140723235702574, 140723235702695, 140723235702496}}, __ss = {__val = {0, 9196350441231745024, 9196350441231745024, 9196350441231745024, 9196350441231745024, 9196350441231745024, 9196350441231745024, 9196350441231745024, 9196350441231745024, 9196350441231745024, 9196350441231745024, 140723235702496, 4048798982812059559, 17575173818765895424, 140723235702496, 2}}, __sp = {sched_priority = 0}, __policy = 0, __pad = {0 <repeats 16 times>}}
#3  0x00005577291fb16d in AP_HAL::run_command_on_ownpid(char const*) ()
No symbol table info available.
#4  0x00005577291fb436 in AP_HAL::panic(char const*, ...) ()
No symbol table info available.
#5  0x000055772910486e in AP_Param::check_group_info(AP_Param::GroupInfo const*, unsigned short*, unsigned char, unsigned char) ()
No symbol table info available.
#6  0x0000557729104a1c in AP_Param::check_var_info() ()
No symbol table info available.
#7  0x000055772911d2a4 in AP_Vehicle::setup() ()
No symbol table info available.
#8  0x00005577291f45cd in HAL_SITL::run(int, char* const*, AP_HAL::HAL::Callbacks*) const ()
No symbol table info available.
#9  0x0000557729045cc4 in main ()
No symbol table info available.

Thread 1 (Thread 0x7f2c5c8f2740 (LWP 19908) "arducopter"):
#0  0x00007f2c5c9e13ea in __GI___wait4 (pid=19909, stat_loc=stat_loc@entry=0x7ffcae79c188, options=options@entry=0, usage=usage@entry=0x0) at ../sysdeps/unix/sysv/linux/wait4.c:30
        sc_ret = -512
        sc_ret = <optimized out>
#1  0x00007f2c5c9e13ab in __GI___waitpid (pid=<optimized out>, stat_loc=stat_loc@entry=0x7ffcae79c188, options=options@entry=0) at ./posix/waitpid.c:38
No locals.
#2  0x00007f2c5c947bdb in do_system (line=<optimized out>) at ../sysdeps/posix/system.c:171
        __result = <optimized out>
        _cleanup_start_doit = true
        _buffer = {__routine = 0x7f2c5c947c60 <cancel_handler>, __arg = 0x7ffcae79c190, __canceltype = 0, __prev = 0x0}
        _cleanup_routine = 0x7f2c5c947c60 <cancel_handler>
        cancel_args = {quit = 0x7f2c5cb137a0 <quit>, intr = 0x7f2c5cb13840 <intr>, pid = 19909}
        status = -1
        ret = 0
        pid = 19909
        sa = {__sigaction_handler = {sa_handler = 0x1, sa_sigaction = 0x1}, sa_mask = {__val = {65536, 0, 0, 0, 0, 0, 0, 0, 0, 2141192192, 0, 18446744073709551615, 0, 18446744073709551615, 0, 18446744073709551615}}, sa_flags = 0, sa_restorer = 0x7fa00000ffffffff}
        omask = {__val = {0, 9196350441231745024, 9196350441231745024, 9196350441231745024, 9196350441231745024, 9196350441231745024, 9196350441231745024, 9196350441231745024, 9196350441231745024, 9196350441231745024, 9196350441231745024, 140723235702496, 4048798982812059559, 17575173818765895424, 140723235702496, 2}}
        reset = {__val = {6, 199, 140723235701424, 93970280656953, 140723235701808, 139828508751002, 140723235701824, 140723235701664, 140724530937857, 140723235702496, 140723235702496, 140723235702496, 140723235702496, 140723235702574, 140723235702695, 140723235702496}}
        spawn_attr = {__flags = 12, __pgrp = 0, __sd = {__val = {6, 199, 140723235701424, 93970280656953, 140723235701808, 139828508751002, 140723235701824, 140723235701664, 140724530937857, 140723235702496, 140723235702496, 140723235702496, 140723235702496, 140723235702574, 140723235702695, 140723235702496}}, __ss = {__val = {0, 9196350441231745024, 9196350441231745024, 9196350441231745024, 9196350441231745024, 9196350441231745024, 9196350441231745024, 9196350441231745024, 9196350441231745024, 9196350441231745024, 9196350441231745024, 140723235702496, 4048798982812059559, 17575173818765895424, 140723235702496, 2}}, __sp = {sched_priority = 0}, __policy = 0, __pad = {0 <repeats 16 times>}}
#3  0x00005577291fb16d in AP_HAL::run_command_on_ownpid(char const*) ()
No symbol table info available.
#4  0x00005577291fb436 in AP_HAL::panic(char const*, ...) ()
No symbol table info available.
#5  0x000055772910486e in AP_Param::check_group_info(AP_Param::GroupInfo const*, unsigned short*, unsigned char, unsigned char) ()
No symbol table info available.
#6  0x0000557729104a1c in AP_Param::check_var_info() ()
No symbol table info available.
#7  0x000055772911d2a4 in AP_Vehicle::setup() ()
No symbol table info available.
#8  0x00005577291f45cd in HAL_SITL::run(int, char* const*, AP_HAL::HAL::Callbacks*) const ()
No symbol table info available.
#9  0x0000557729045cc4 in main ()
No symbol table info available.
A debugging session is active.

	Inferior 1 [process 19908] will be detached.

Quit anyway? (y or n) [answered Y; input not from terminal]
[Inferior 1 (process 19908) detached]
