[Thread debugging using libthread_db enabled]
Using host libthread_db library "/lib/x86_64-linux-gnu/libthread_db.so.1".
0x00007f0fca82c3ea in __GI___wait4 (pid=33082, stat_loc=stat_loc@entry=0x7ffd5d526968, options=options@entry=0, usage=usage@entry=0x0) at ../sysdeps/unix/sysv/linux/wait4.c:30
30	../sysdeps/unix/sysv/linux/wait4.c: No such file or directory.
#0  0x00007f0fca82c3ea in __GI___wait4 (pid=33082, stat_loc=stat_loc@entry=0x7ffd5d526968, options=options@entry=0, usage=usage@entry=0x0) at ../sysdeps/unix/sysv/linux/wait4.c:30
        sc_ret = -512
        sc_ret = <optimized out>
#1  0x00007f0fca82c3ab in __GI___waitpid (pid=<optimized out>, stat_loc=stat_loc@entry=0x7ffd5d526968, options=options@entry=0) at ./posix/waitpid.c:38
No locals.
#2  0x00007f0fca792bdb in do_system (line=<optimized out>) at ../sysdeps/posix/system.c:171
        __result = <optimized out>
        _cleanup_start_doit = true
        _buffer = {__routine = 0x7f0fca792c60 <cancel_handler>, __arg = 0x7ffd5d526970, __canceltype = 0, __prev = 0x0}
        _cleanup_routine = 0x7f0fca792c60 <cancel_handler>
        cancel_args = {quit = 0x7f0fca95e7a0 <quit>, intr = 0x7f0fca95e840 <intr>, pid = 33082}
        status = -1
        ret = 0
        pid = 33082
        sa = {__sigaction_handler = {sa_handler = 0x1, sa_sigaction = 0x1}, sa_mask = {__val = {65536, 0, 0, 0, 0, 0, 0, 0, 0, 2141192192, 0, 18446744073709551615, 0, 18446744073709551615, 0, 18446744073709551615}}, sa_flags = 0, sa_restorer = 0x7fa00000ffffffff}
        omask = {__val = {0, 9196350441231745024, 9196350441231745024, 9196350441231745024, 9196350441231745024, 9196350441231745024, 9196350441231745024, 9196350441231745024, 9196350441231745024, 9196350441231745024, 9196350441231745024, 140726169136832, 3546637703016771463, 11455066149402528256, 140726169136832, 2}}
        reset = {__val = {6, 199, 140726169135760, 94471681196057, 140726169136144, 139705798403226, 140726169136160, 140726169136000, 140728825905153, 140726169136832, 140726169136832, 140726169136832, 140726169136832, 140726169136910, 140726169137031, 140726169136832}}
        spawn_attr = {__flags = 12, __pgrp = 0, __sd = {__val = {6, 199, 140726169135760, 94471681196057, 140726169136144, 139705798403226, 140726169136160, 140726169136000, 140728825905153, 140726169136832, 140726169136832, 140726169136832, 140726169136832, 140726169136910, 140726169137031, 140726169136832}}, __ss = {__val = {0, 9196350441231745024, 9196350441231745024, 9196350441231745024, 9196350441231745024, 9196350441231745024, 9196350441231745024, 9196350441231745024, 9196350441231745024, 9196350441231745024, 9196350441231745024, 140726169136832, 3546637703016771463, 11455066149402528256, 140726169136832, 2}}, __sp = {sched_priority = 0}, __policy = 0, __pad = {0 <repeats 16 times>}}
#3  0x000055ebe6ecc16d in AP_HAL::run_command_on_ownpid(char const*) ()
No symbol table info available.
#4  0x000055ebe6ecc436 in AP_HAL::panic(char const*, ...) ()
No symbol table info available.
#5  0x000055ebe6dd586e in AP_Param::check_group_info(AP_Param::GroupInfo const*, unsigned short*, unsigned char, unsigned char) ()
No symbol table info available.
#6  0x000055ebe6dd5a1c in AP_Param::check_var_info() ()
No symbol table info available.
#7  0x000055ebe6dee2a4 in AP_Vehicle::setup() ()
No symbol table info available.
#8  0x000055ebe6ec55cd in HAL_SITL::run(int, char* const*, AP_HAL::HAL::Callbacks*) const ()
No symbol table info available.
#9  0x000055ebe6d16cc4 in main ()
No symbol table info available.

Thread 1 (Thread 0x7f0fca73d740 (LWP 33081) "arducopter"):
#0  0x00007f0fca82c3ea in __GI___wait4 (pid=33082, stat_loc=stat_loc@entry=0x7ffd5d526968, options=options@entry=0, usage=usage@entry=0x0) at ../sysdeps/unix/sysv/linux/wait4.c:30
        sc_ret = -512
        sc_ret = <optimized out>
#1  0x00007f0fca82c3ab in __GI___waitpid (pid=<optimized out>, stat_loc=stat_loc@entry=0x7ffd5d526968, options=options@entry=0) at ./posix/waitpid.c:38
No locals.
#2  0x00007f0fca792bdb in do_system (line=<optimized out>) at ../sysdeps/posix/system.c:171
        __result = <optimized out>
        _cleanup_start_doit = true
        _buffer = {__routine = 0x7f0fca792c60 <cancel_handler>, __arg = 0x7ffd5d526970, __canceltype = 0, __prev = 0x0}
        _cleanup_routine = 0x7f0fca792c60 <cancel_handler>
        cancel_args = {quit = 0x7f0fca95e7a0 <quit>, intr = 0x7f0fca95e840 <intr>, pid = 33082}
        status = -1
        ret = 0
        pid = 33082
        sa = {__sigaction_handler = {sa_handler = 0x1, sa_sigaction = 0x1}, sa_mask = {__val = {65536, 0, 0, 0, 0, 0, 0, 0, 0, 2141192192, 0, 18446744073709551615, 0, 18446744073709551615, 0, 18446744073709551615}}, sa_flags = 0, sa_restorer = 0x7fa00000ffffffff}
        omask = {__val = {0, 9196350441231745024, 9196350441231745024, 9196350441231745024, 9196350441231745024, 9196350441231745024, 9196350441231745024, 9196350441231745024, 9196350441231745024, 9196350441231745024, 9196350441231745024, 140726169136832, 3546637703016771463, 11455066149402528256, 140726169136832, 2}}
        reset = {__val = {6, 199, 140726169135760, 94471681196057, 140726169136144, 139705798403226, 140726169136160, 140726169136000, 140728825905153, 140726169136832, 140726169136832, 140726169136832, 140726169136832, 140726169136910, 140726169137031, 140726169136832}}
        spawn_attr = {__flags = 12, __pgrp = 0, __sd = {__val = {6, 199, 140726169135760, 94471681196057, 140726169136144, 139705798403226, 140726169136160, 140726169136000, 140728825905153, 140726169136832, 140726169136832, 140726169136832, 140726169136832, 140726169136910, 140726169137031, 140726169136832}}, __ss = {__val = {0, 9196350441231745024, 9196350441231745024, 9196350441231745024, 9196350441231745024, 9196350441231745024, 9196350441231745024, 9196350441231745024, 9196350441231745024, 9196350441231745024, 9196350441231745024, 140726169136832, 3546637703016771463, 11455066149402528256, 140726169136832, 2}}, __sp = {sched_priority = 0}, __policy = 0, __pad = {0 <repeats 16 times>}}
#3  0x000055ebe6ecc16d in AP_HAL::run_command_on_ownpid(char const*) ()
No symbol table info available.
#4  0x000055ebe6ecc436 in AP_HAL::panic(char const*, ...) ()
No symbol table info available.
#5  0x000055ebe6dd586e in AP_Param::check_group_info(AP_Param::GroupInfo const*, unsigned short*, unsigned char, unsigned char) ()
No symbol table info available.
#6  0x000055ebe6dd5a1c in AP_Param::check_var_info() ()
No symbol table info available.
#7  0x000055ebe6dee2a4 in AP_Vehicle::setup() ()
No symbol table info available.
#8  0x000055ebe6ec55cd in HAL_SITL::run(int, char* const*, AP_HAL::HAL::Callbacks*) const ()
No symbol table info available.
#9  0x000055ebe6d16cc4 in main ()
No symbol table info available.
A debugging session is active.

	Inferior 1 [process 33081] will be detached.

Quit anyway? (y or n) [answered Y; input not from terminal]
[Inferior 1 (process 33081) detached]
